<?xml version="1.0" encoding="UTF-8"?>
<!-- Generated by org.testng.reporters.JUnitReportReporter -->
<testsuite hostname="SLVPPXJC52261" failures="0" tests="1" name="examenFinal.evaluacionFinal.testPrincipalPage" time="37.433" errors="0" timestamp="2024-11-23T12:54:48 CST" skipped="0">
  <testcase classname="examenFinal.evaluacionFinal.testPrincipalPage" name="ValidarEvaluacion" time="37.433"/>
</testsuite> <!-- examenFinal.evaluacionFinal.testPrincipalPage -->
